#-----------------------------------------------------------
# Vivado v2024.2 (64-bit)
# SW Build 5239630 on Fri Nov 08 22:35:27 MST 2024
# IP Build 5239520 on Sun Nov 10 16:12:51 MST 2024
# SharedData Build 5239561 on Fri Nov 08 14:39:27 MST 2024
# Start of session at: Sat Jan 25 13:05:45 2025
# Process ID         : 31132
# Current directory  : C:/Users/booth/Projects/cmpen331/Lab1_CMPEN331/Lab1
# Command line       : vivado.exe -gui_launcher_event rodinguilauncherevent24836 C:\Users\booth\Projects\cmpen331\Lab1_CMPEN331\Lab1\Lab1.xpr
# Log file           : C:/Users/booth/Projects/cmpen331/Lab1_CMPEN331/Lab1/vivado.log
# Journal file       : C:/Users/booth/Projects/cmpen331/Lab1_CMPEN331/Lab1\vivado.jou
# Running On         : Rachaels_envy
# Platform           : Windows Server 2016 or Windows 10
# Operating System   : 22631
# Processor Detail   : 11th Gen Intel(R) Core(TM) i7-1195G7 @ 2.90GHz
# CPU Frequency      : 2918 MHz
# CPU Physical cores : 4
# CPU Logical cores  : 8
# Host memory        : 8323 MB
# Swap memory        : 10200 MB
# Total Virtual      : 18524 MB
# Available Virtual  : 6083 MB
#-----------------------------------------------------------
start_gui
open_project C:/Users/booth/Projects/cmpen331/Lab1_CMPEN331/Lab1/Lab1.xpr
INFO: [Project 1-313] Project file moved from 'D:/CMPEN_Labs/Lab0' since last save.
Scanning sources...
Finished scanning sources
INFO: [Project 1-230] Project 'Lab1.xpr' upgraded for this version of Vivado.
INFO: [IP_Flow 19-234] Refreshing IP repositories
INFO: [IP_Flow 19-1704] No user IP repositories specified
INFO: [IP_Flow 19-2313] Loaded Vivado IP repository 'C:/Xilinx/Vivado/2024.2/data/ip'.
open_project: Time (s): cpu = 00:00:04 ; elapsed = 00:00:07 . Memory (MB): peak = 1090.281 ; gain = 62.238
upgrade_project -migrate_output_products
update_compile_order -fileset sources_1
exit
INFO: [Common 17-206] Exiting Vivado at Sat Jan 25 13:07:16 2025...
