#-----------------------------------------------------------
# Vivado v2024.2 (64-bit)
# SW Build 5239630 on Fri Nov 08 22:35:27 MST 2024
# IP Build 5239520 on Sun Nov 10 16:12:51 MST 2024
# SharedData Build 5239561 on Fri Nov 08 14:39:27 MST 2024
# Start of session at: Sun Jan 26 16:25:55 2025
# Process ID         : 11444
# Current directory  : C:/Users/booth/Projects/cmpen331/Lab1_CMPEN331/Lab1
# Command line       : vivado.exe -gui_launcher_event rodinguilauncherevent3320 C:\Users\booth\Projects\cmpen331\Lab1_CMPEN331\Lab1\Lab1.xpr
# Log file           : C:/Users/booth/Projects/cmpen331/Lab1_CMPEN331/Lab1/vivado.log
# Journal file       : C:/Users/booth/Projects/cmpen331/Lab1_CMPEN331/Lab1\vivado.jou
# Running On         : Rachaels_envy
# Platform           : Windows Server 2016 or Windows 10
# Operating System   : 22631
# Processor Detail   : 11th Gen Intel(R) Core(TM) i7-1195G7 @ 2.90GHz
# CPU Frequency      : 2918 MHz
# CPU Physical cores : 4
# CPU Logical cores  : 8
# Host memory        : 8323 MB
# Swap memory        : 10200 MB
# Total Virtual      : 18524 MB
# Available Virtual  : 5397 MB
#-----------------------------------------------------------
sstart_guioopen_project C:/Users/booth/Projects/cmpen331/Lab1_CMPEN331/Lab1/Lab1.xprIINFO: [filemgmt 56-3] Default IP Output Path : Could not find the directory 'C:/Users/booth/Projects/cmpen331/Lab1_CMPEN331/Lab1/Lab1.gen/sources_1'.SScanning sources...FFinished scanning sourcesINFO: [IP_Flow 19-234] Refreshing IP repositories
INFO: [IP_Flow 19-1704] No user IP repositories specified
IINFO: [IP_Flow 19-2313] Loaded Vivado IP repository 'C:/Xilinx/Vivado/2024.2/data/ip'.open_project: Time (s): cpu = 00:00:14 ; elapsed = 00:00:10 . Memory (MB): peak = 1095.188 ; gain = 62.695
update_compile_order -fileset sources_1
lexit
INFO: [Common 17-206] Exiting Vivado at Sun Jan 26 18:12:11 2025...
lation top is 'testbench'
WARNING: [Vivado 12-13340] Unable to auto find GCC executables from simulator install path! (path not set)
INFO: [Vivado 12-5682] Launching behavioral simulation in 'C:/Users/booth/Projects/cmpen331/Lab1_CMPEN331/Lab1/Lab1.sim/sim_1/behav/xsim'
INFO: [SIM-utils-51] Simulation object is 'sim_1'
INFO: [SIM-utils-72] Using boost library from 'C:/Xilinx/Vivado/2024.2/tps/boost_1_72_0'
INFO: [SIM-utils-54] Inspecting design source files for 'testbench' in fileset 'sim_1'...
INFO: [USF-XSim-97] Finding global include files...
INFO: [USF-XSim-98] Fetching design files from 'sim_1'...
INFO: [USF-XSim-2] XSim::Compile design
INFO: [USF-XSim-61] Executing 'COMPILE and ANALYZE' step in 'C:/Users/booth/Projects/cmpen331/Lab1_CMPEN331/Lab1/Lab1.sim/sim_1/behav/xsim'
"xvlog --incr --relax -prj testbench_vlog.prj"
INFO: [VRFC 10-2263] Analyzing Verilog file "C:/Users/booth/Projects/cmpen331/Lab1_CMPEN331/Lab1/Lab1.srcs/sources_1/new/dff3.v" into library xil_defaultlib
INFO: [VRFC 10-311] analyzing module dff3
INFO: [VRFC 10-311] analyzing module counter
INFO: [VRFC 10-2263] Analyzing Verilog file "C:/Users/booth/Projects/cmpen331/Lab1_CMPEN331/Lab1/Lab1.srcs/sim_1/new/testbench.v" into library xil_defaultlib
INFO: [VRFC 10-311] analyzing module testbench
INFO: [VRFC 10-2263] Analyzing Verilog file "C:/Users/booth/Projects/cmpen331/Lab1_CMPEN331/Lab1/Lab1.sim/sim_1/behav/xsim/glbl.v" into library xil_defaultlib
INFO: [VRFC 10-311] analyzing module glbl
INFO: [USF-XSim-69] 'compile' step finished in '3' seconds
INFO: [USF-XSim-3] XSim::Elaborate design
INFO: [USF-XSim-61] Executing 'ELABORATE' step in 'C:/Users/booth/Projects/cmpen331/Lab1_CMPEN331/Lab1/Lab1.sim/sim_1/behav/xsim'
"xelab --incr --debug typical --relax --mt 2 -L xil_defaultlib -L unisims_ver -L unimacro_ver -L secureip --snapshot testbench_behav xil_defaultlib.testbench xil_defaultlib.glbl -log elaborate.log"
Vivado Simulator v2024.2.0
Copyright 1986-2022 Xilinx, Inc. All Rights Reserved.
Copyright 2022-2024 Advanced Micro Devices, Inc. All Rights Reserved.
Running: C:/Xilinx/Vivado/2024.2/bin/unwrapped/win64.o/xelab.exe --incr --debug typical --relax --mt 2 -L xil_defaultlib -L unisims_ver -L unimacro_ver -L secureip --snapshot testbench_behav xil_defaultlib.testbench xil_defaultlib.glbl -log elaborate.log 
Using 2 slave threads.
Starting static elaboration
Pass Through NonSizing Optimizer
Completed static elaboration
Starting simulation data flow analysis
Completed simulation data flow analysis
Time Resolution for simulation is 1ps
Compiling module xil_defaultlib.dff3
Compiling module xil_defaultlib.counter
Compiling module xil_defaultlib.testbench
Compiling module xil_defaultlib.glbl
Built simulation snapshot testbench_behav
run_program: Time (s): cpu = 00:00:01 ; elapsed = 00:00:06 . Memory (MB): peak = 1120.000 ; gain = 0.000
INFO: [USF-XSim-69] 'elaborate' step finished in '6' seconds
INFO: [USF-XSim-4] XSim::Simulate design
INFO: [USF-XSim-61] Executing 'SIMULATE' step in 'C:/Users/booth/Projects/cmpen331/Lab1_CMPEN331/Lab1/Lab1.sim/sim_1/behav/xsim'
INFO: [USF-XSim-98] *** Running xsim
   with args "testbench_behav -key {Behavioral:sim_1:Functional:testbench} -tclbatch {testbench.tcl} -log {simulate.log}"
INFO: [USF-XSim-8] Loading simulator feature
Time resolution is 1 ps
source testbench.tcl
# set curr_wave [current_wave_config]
# if { [string length $curr_wave] == 0 } {
#   if { [llength [get_objects]] > 0} {
#     add_wave /
#     set_property needs_save false [current_wave_config]
#   } else {
#      send_msg_id Add_Wave-1 WARNING "No top level signals found. Simulator will start without a wave window. If you want to open a wave window go to 'File->New Waveform Configuration' or type 'create_wave_config' in the TCL console."
#   }
# }
# run 1000ns
xsim: Time (s): cpu = 00:00:02 ; elapsed = 00:00:05 . Memory (MB): peak = 1140.957 ; gain = 6.246
INFO: [USF-XSim-96] XSim completed. Design snapshot 'testbench_behav' loaded.
INFO: [USF-XSim-97] XSim simulation ran for 1000ns
launch_simulation: Time (s): cpu = 00:00:03 ; elapsed = 00:00:15 . Memory (MB): peak = 1140.957 ; gain = 20.957
close_sim
INFO: [Simtcl 6-16] Simulation closed
launch_simulation
Command: launch_simulation 
INFO: [Vivado 12-12493] Simulation top is 'testbench'
WARNING: [Vivado 12-13340] Unable to auto find GCC executables from simulator install path! (path not set)
INFO: [Vivado 12-5682] Launching behavioral simulation in 'C:/Users/booth/Projects/cmpen331/Lab1_CMPEN331/Lab1/Lab1.sim/sim_1/behav/xsim'
INFO: [SIM-utils-51] Simulation object is 'sim_1'
INFO: [SIM-utils-72] Using boost library from 'C:/Xilinx/Vivado/2024.2/tps/boost_1_72_0'
INFO: [SIM-utils-54] Inspecting design source files for 'testbench' in fileset 'sim_1'...
INFO: [USF-XSim-97] Finding global include files...
INFO: [USF-XSim-98] Fetching design files from 'sim_1'...
INFO: [USF-XSim-2] XSim::Compile design
INFO: [USF-XSim-61] Executing 'COMPILE and ANALYZE' step in 'C:/Users/booth/Projects/cmpen331/Lab1_CMPEN331/Lab1/Lab1.sim/sim_1/behav/xsim'
"xvlog --incr --relax -prj testbench_vlog.prj"
INFO: [USF-XSim-69] 'compile' step finished in '2' seconds
INFO: [USF-XSim-3] XSim::Elaborate design
INFO: [USF-XSim-61] Executing 'ELABORATE' step in 'C:/Users/booth/Projects/cmpen331/Lab1_CMPEN331/Lab1/Lab1.sim/sim_1/behav/xsim'
"xelab --incr --debug typical --relax --mt 2 -L xil_defaultlib -L unisims_ver -L unimacro_ver -L secureip --snapshot testbench_behav xil_defaultlib.testbench xil_defaultlib.glbl -log elaborate.log"
Vivado Simulator v2024.2.0
Copyright 1986-2022 Xilinx, Inc. All Rights Reserved.
Copyright 2022-2024 Advanced Micro Devices, Inc. All Rights Reserved.
Running: C:/Xilinx/Vivado/2024.2/bin/unwrapped/win64.o/xelab.exe --incr --debug typical --relax --mt 2 -L xil_defaultlib -L unisims_ver -L unimacro_ver -L secureip --snapshot testbench_behav xil_defaultlib.testbench xil_defaultlib.glbl -log elaborate.log 
Using 2 slave threads.
Starting static elaboration
Pass Through NonSizing Optimizer
Completed static elaboration
INFO: [XSIM 43-4323] No Change in HDL. Linking previously generated obj files to create kernel
INFO: [USF-XSim-69] 'elaborate' step finished in '1' seconds
INFO: [USF-XSim-4] XSim::Simulate design
INFO: [USF-XSim-61] Executing 'SIMULATE' step in 'C:/Users/booth/Projects/cmpen331/Lab1_CMPEN331/Lab1/Lab1.sim/sim_1/behav/xsim'
INFO: [USF-XSim-98] *** Running xsim
   with args "testbench_behav -key {Behavioral:sim_1:Functional:testbench} -tclbatch {testbench.tcl} -log {simulate.log}"
INFO: [USF-XSim-8] Loading simulator feature
Time resolution is 1 ps
source testbench.tcl
# set curr_wave [current_wave_config]
# if { [string length $curr_wave] == 0 } {
#   if { [llength [get_objects]] > 0} {
#     add_wave /
#     set_property needs_save false [current_wave_config]
#   } else {
#      send_msg_id Add_Wave-1 WARNING "No top level signals found. Simulator will start without a wave window. If you want to open a wave window go to 'File->New Waveform Configuration' or type 'create_wave_config' in the TCL console."
#   }
# }
# run 1000ns
INFO: [USF-XSim-96] XSim completed. Design snapshot 'testbench_behav' loaded.
INFO: [USF-XSim-97] XSim simulation ran for 1000ns
launch_simulation: Time (s): cpu = 00:00:02 ; elapsed = 00:00:05 . Memory (MB): peak = 1148.160 ; gain = 0.000
reset_run synth_1
WARNING: [Vivado 12-1017] Problems encountered:
1. Failed to delete one or more files in run directory C:/Users/booth/Projects/cmpen331/Lab1_CMPEN331/Lab1/Lab1.runs/synth_1

launch_runs synth_1 -jobs 4
WARNING: [Vivado 12-7122] Auto Incremental Compile:: No reference checkpoint was found in run synth_1. Auto-incremental flow will not be run, the standard flow will be run instead.
[Sun Jan 26 18:06:25 2025] Launched synth_1...
Run output will be captured here: C:/Users/booth/Projects/cmpen331/Lab1_CMPEN331/Lab1/Lab1.runs/synth_1/runme.log
launch_runs impl_1 -jobs 4
[Sun Jan 26 18:07:26 2025] Launched impl_1...
Run output will be captured here: C:/Users/booth/Projects/cmpen331/Lab1_CMPEN331/Lab1/Lab1.runs/impl_1/runme.log
open_run synth_1 -name synth_1
Design is defaulting to impl run constrset: constrs_1
Design is defaulting to synth run part: xc7z010clg400-1
INFO: [Device 21-403] Loading part xc7z010clg400-1
Netlist sorting complete. Time (s): cpu = 00:00:00 ; elapsed = 00:00:00 . Memory (MB): peak = 2196.680 ; gain = 0.000
INFO: [Project 1-479] Netlist was created with Vivado 2024.2
INFO: [Project 1-570] Preparing netlist for logic optimization
INFO: [Opt 31-138] Pushed 0 inverter(s) to 0 load pin(s).
Netlist sorting complete. Time (s): cpu = 00:00:00 ; elapsed = 00:00:00 . Memory (MB): peak = 2196.680 ; gain = 0.000
INFO: [Project 1-111] Unisim Transformation Summary:
No Unisim elements were transformed.

open_run: Time (s): cpu = 00:00:15 ; elapsed = 00:00:18 . Memory (MB): peak = 2196.680 ; gain = 0.000
close_sim
INFO: [Simtcl 6-16] Simulation closed
exit
INFO: [Common 17-206] Exiting Vivado at Sun Jan 26 18:12:04 2025...
