#-----------------------------------------------------------
# Vivado v2024.2 (64-bit)
# SW Build 5239630 on Fri Nov 08 22:35:27 MST 2024
# IP Build 5239520 on Sun Nov 10 16:12:51 MST 2024
# SharedData Build 5239561 on Fri Nov 08 14:39:27 MST 2024
# Start of session at: Fri Mar 21 13:20:52 2025
# Process ID         : 29680
# Current directory  : C:/Users/booth/Projects/cmpen331/Lab_3_Rachael_Wilson
# Command line       : vivado.exe -gui_launcher_event rodinguilauncherevent33704 C:\Users\booth\Projects\cmpen331\Lab_3_Rachael_Wilson\Lab_3_Rachael_Wilson.xpr
# Log file           : C:/Users/booth/Projects/cmpen331/Lab_3_Rachael_Wilson/vivado.log
# Journal file       : C:/Users/booth/Projects/cmpen331/Lab_3_Rachael_Wilson\vivado.jou
# Running On         : Rachaels_envy
# Platform           : Windows Server 2016 or Windows 10
# Operating System   : 26100
# Processor Detail   : 11th Gen Intel(R) Core(TM) i7-1195G7 @ 2.90GHz
# CPU Frequency      : 2918 MHz
# CPU Physical cores : 4
# CPU Logical cores  : 8
# Host memory        : 8323 MB
# Swap memory        : 14459 MB
# Total Virtual      : 22783 MB
# Available Virtual  : 2840 MB
#-----------------------------------------------------------
start_gui
open_project C:/Users/booth/Projects/cmpen331/Lab_3_Rachael_Wilson/Lab_3_Rachael_Wilson.xpr
INFO: [filemgmt 56-3] Default IP Output Path : Could not find the directory 'C:/Users/booth/Projects/cmpen331/Lab_3_Rachael_Wilson/Lab_3_Rachael_Wilson.gen/sources_1'.
Scanning sources...
Finished scanning sources
INFO: [IP_Flow 19-234] Refreshing IP repositories
INFO: [IP_Flow 19-1704] No user IP repositories specified
INFO: [IP_Flow 19-2313] Loaded Vivado IP repository 'C:/Xilinx/Vivado/2024.2/data/ip'.
open_project: Time (s): cpu = 00:00:15 ; elapsed = 00:00:06 . Memory (MB): peak = 1070.094 ; gain = 28.898
update_compile_order -fileset sources_1
exit
INFO: [Common 17-206] Exiting Vivado at Fri Mar 21 17:36:14 2025...
